<?xml version="1.0" encoding="UTF-8"?>
<!-- Generated by org.testng.reporters.JUnitReportReporter -->
<testsuite hostname="MohamedJamal" failures="0" tests="1" name="cucumber.TestNGTestRunner" time="41.561" errors="0" timestamp="2024-11-02T14:32:19 EET" skipped="0">
  <testcase classname="cucumber.TestNGTestRunner" name="runScenario" time="41.561"/>
</testsuite> <!-- cucumber.TestNGTestRunner -->
