<?xml version="1.0" encoding="UTF-8"?>
<!-- Generated by org.testng.reporters.JUnitReportReporter -->
<testsuite hostname="MohamedJamal" failures="0" tests="1" name="org.groupID.testArtifactID.ErrorValidationMessage" time="40.316" errors="0" timestamp="2024-11-02T14:31:33 EET" skipped="0">
  <testcase classname="org.groupID.testArtifactID.ErrorValidationMessage" name="checkNegativeLogin" time="40.316"/>
</testsuite> <!-- org.groupID.testArtifactID.ErrorValidationMessage -->
